<!DOCTYPE html PUBLIC "-//W3C//DTD XHTML 1.1//EN" "https://www.w3.org/TR/xhtml11/DTD/xhtml11.dtd">
<html xmlns="https://www.w3.org/1999/xhtml">
<head>
<meta http-equiv="content-type" content="text/html; charset=UTF-8"/>
<title>TestNG Report</title>
<style type="text/css">table {margin-bottom:10px;border-collapse:collapse;empty-cells:show}th,td {border:1px solid #009;padding:.25em .5em}th {vertical-align:bottom}td {vertical-align:top}table a {font-weight:bold}.stripe td {background-color: #E6EBF9}.num {text-align:right}.passedodd td {background-color: #3F3}.passedeven td {background-color: #0A0}.skippedodd td {background-color: #DDD}.skippedeven td {background-color: #CCC}.failedodd td,.attn {background-color: #F33}.failedeven td,.stripe .attn {background-color: #D00}.stacktrace {white-space:pre;font-family:monospace}.totop {font-size:85%;text-align:center;border-bottom:2px solid #000}.invisible {display:none}</style>
</head>
<body>
<table>
<tr><th>Test</th><th># Passed</th><th># Skipped</th><th># Retried</th><th># Failed</th><th>Time (ms)</th><th>Included Groups</th><th>Excluded Groups</th></tr>
<tr><th colspan="8">Suite</th></tr>
<tr><td><a href="#t0">Test chrome</a></td><td class="num">10</td><td class="num">0</td><td class="num">0</td><td class="num attn">3</td><td class="num">210,291</td><td></td><td></td></tr>
<tr class="stripe"><td><a href="#t1">Test edge</a></td><td class="num">10</td><td class="num">0</td><td class="num">0</td><td class="num attn">3</td><td class="num">211,905</td><td></td><td></td></tr>
<tr><th>Total</th><th class="num">20</th><th class="num">0</th><th class="num">0</th><th class="num attn">6</th><th class="num">422,196</th><th colspan="2"></th></tr>
</table>
<table id='summary'><thead><tr><th>Class</th><th>Method</th><th>Start</th><th>Time (ms)</th></tr></thead><tbody><tr><th colspan="4">Suite</th></tr></tbody><tbody id="t0"><tr><th colspan="4">Test chrome &#8212; failed</th></tr><tr class="failedeven"><td rowspan="3">com.tripadvisor.webapp.tests.SignInPageTest</td><td><a href="#m0">TC_TripAdvisor_SignInPage_003</a></td><td rowspan="1">1683909395267</td><td rowspan="1">36320</td></tr><tr class="failedeven"><td><a href="#m1">TC_TripAdvisor_SignInPage_Negative_007</a></td><td rowspan="1">1683909491945</td><td rowspan="1">38158</td></tr><tr class="failedeven"><td><a href="#m2">TC_TripAdvisor_SignInPage_Negative_009</a></td><td rowspan="1">1683909552911</td><td rowspan="1">11031</td></tr><tr><th colspan="4">Test chrome &#8212; passed</th></tr><tr class="passedeven"><td rowspan="3">com.tripadvisor.webapp.tests.HomePageTest</td><td><a href="#m3">TC_TripAdvisor_HomePage_001</a></td><td rowspan="1">1683909360815</td><td rowspan="1">74</td></tr><tr class="passedeven"><td><a href="#m4">TC_TripAdvisor_HomePage_002</a></td><td rowspan="1">1683909364288</td><td rowspan="1">264</td></tr><tr class="passedeven"><td><a href="#m5">TC_TripAdvisor_HomePage_003</a></td><td rowspan="1">1683909368642</td><td rowspan="1">262</td></tr><tr class="passedodd"><td rowspan="7">com.tripadvisor.webapp.tests.SignInPageTest</td><td><a href="#m6">TC_TripAdvisor_SignInPage_001</a></td><td rowspan="1">1683909372716</td><td rowspan="1">7141</td></tr><tr class="passedodd"><td><a href="#m7">TC_TripAdvisor_SignInPage_002</a></td><td rowspan="1">1683909383748</td><td rowspan="1">7219</td></tr><tr class="passedodd"><td><a href="#m8">TC_TripAdvisor_SignInPage_004</a></td><td rowspan="1">1683909435612</td><td rowspan="1">7055</td></tr><tr class="passedodd"><td><a href="#m9">TC_TripAdvisor_SignInPage_005</a></td><td rowspan="1">1683909446449</td><td rowspan="1">9486</td></tr><tr class="passedodd"><td><a href="#m10">TC_TripAdvisor_SignInPage_006</a></td><td rowspan="1">1683909460773</td><td rowspan="1">8639</td></tr><tr class="passedodd"><td><a href="#m11">TC_TripAdvisor_SignInPage_Negative_007</a></td><td rowspan="1">1683909476481</td><td rowspan="1">11470</td></tr><tr class="passedodd"><td><a href="#m12">TC_TripAdvisor_SignInPage_Negative_008</a></td><td rowspan="1">1683909534252</td><td rowspan="1">14600</td></tr></tbody>
<tbody id="t1"><tr><th colspan="4">Test edge &#8212; failed</th></tr><tr class="failedeven"><td rowspan="3">com.tripadvisor.webapp.tests.SignInPageTest</td><td><a href="#m13">TC_TripAdvisor_SignInPage_003</a></td><td rowspan="1">1683909397626</td><td rowspan="1">34849</td></tr><tr class="failedeven"><td><a href="#m14">TC_TripAdvisor_SignInPage_Negative_007</a></td><td rowspan="1">1683909492508</td><td rowspan="1">41201</td></tr><tr class="failedeven"><td><a href="#m15">TC_TripAdvisor_SignInPage_Negative_009</a></td><td rowspan="1">1683909554089</td><td rowspan="1">11437</td></tr><tr><th colspan="4">Test edge &#8212; passed</th></tr><tr class="passedeven"><td rowspan="3">com.tripadvisor.webapp.tests.HomePageTest</td><td><a href="#m16">TC_TripAdvisor_HomePage_001</a></td><td rowspan="1">1683909361583</td><td rowspan="1">22</td></tr><tr class="passedeven"><td><a href="#m17">TC_TripAdvisor_HomePage_002</a></td><td rowspan="1">1683909365269</td><td rowspan="1">362</td></tr><tr class="passedeven"><td><a href="#m18">TC_TripAdvisor_HomePage_003</a></td><td rowspan="1">1683909369759</td><td rowspan="1">47</td></tr><tr class="passedodd"><td rowspan="7">com.tripadvisor.webapp.tests.SignInPageTest</td><td><a href="#m19">TC_TripAdvisor_SignInPage_001</a></td><td rowspan="1">1683909373729</td><td rowspan="1">8639</td></tr><tr class="passedodd"><td><a href="#m20">TC_TripAdvisor_SignInPage_002</a></td><td rowspan="1">1683909386335</td><td rowspan="1">6700</td></tr><tr class="passedodd"><td><a href="#m21">TC_TripAdvisor_SignInPage_004</a></td><td rowspan="1">1683909436945</td><td rowspan="1">7141</td></tr><tr class="passedodd"><td><a href="#m22">TC_TripAdvisor_SignInPage_005</a></td><td rowspan="1">1683909447750</td><td rowspan="1">8731</td></tr><tr class="passedodd"><td><a href="#m23">TC_TripAdvisor_SignInPage_006</a></td><td rowspan="1">1683909461854</td><td rowspan="1">8493</td></tr><tr class="passedodd"><td><a href="#m24">TC_TripAdvisor_SignInPage_Negative_007</a></td><td rowspan="1">1683909476266</td><td rowspan="1">11242</td></tr><tr class="passedodd"><td><a href="#m25">TC_TripAdvisor_SignInPage_Negative_008</a></td><td rowspan="1">1683909538316</td><td rowspan="1">11776</td></tr></tbody>
</table>
<h2>Test chrome</h2><h3 id="m0">com.tripadvisor.webapp.tests.SignInPageTest#TC_TripAdvisor_SignInPage_003</h3><table class="result"><tr><th>Messages</th></tr><tr><td><div class="messages"><a href=F:\VrushaliTestingData\FinalGitHubProjects\ExtentSparkReportDemo/screenshots/Fri_May_12_22_07_11_IST_2023_1683909431847.png>TESTRESULT</a></div></td></tr><tr><th>Exception</th></tr><tr><td><div class="stacktrace">org.openqa.selenium.TimeoutException: Expected condition failed: waiting for visibility of Proxy element for: DefaultElementLocator &apos;By.cssSelector: button[id=&apos;facebookBtn&apos;]&apos; (tried for 30 second(s) with 500 milliseconds interval)
	at org.openqa.selenium.support.ui.WebDriverWait.timeoutException(WebDriverWait.java:87)
	at org.openqa.selenium.support.ui.FluentWait.until(FluentWait.java:231)
	at com.tripadvisor.webapp.base.BasePage.waitForElementToBePresent(BasePage.java:59)
	at com.tripadvisor.webapp.pages.SignInPage.textOnContinueWithFacebook(SignInPage.java:69)
	at com.tripadvisor.webapp.tests.SignInPageTest.TC_TripAdvisor_SignInPage_003(SignInPageTest.java:71)
	at java.base/java.util.ArrayList.forEach(ArrayList.java:1541)
	at java.base/java.util.concurrent.FutureTask.run(FutureTask.java:264)
	at java.base/java.util.concurrent.ThreadPoolExecutor.runWorker(ThreadPoolExecutor.java:1128)
	at java.base/java.util.concurrent.ThreadPoolExecutor$Worker.run(ThreadPoolExecutor.java:628)
	at java.base/java.lang.Thread.run(Thread.java:834)
Caused by: org.openqa.selenium.NoSuchElementException: no such element: Unable to locate element: {&quot;method&quot;:&quot;css selector&quot;,&quot;selector&quot;:&quot;button[id=&apos;facebookBtn&apos;]&quot;}
  (Session info: chrome=113.0.5672.93)
For documentation on this error, please visit: https://selenium.dev/exceptions/#no_such_element
Build info: version: &apos;4.4.0&apos;, revision: &apos;e5c75ed026a&apos;
System info: host: &apos;DESKTOP-6JUGJ4I&apos;, ip: &apos;192.168.1.52&apos;, os.name: &apos;Windows 11&apos;, os.arch: &apos;amd64&apos;, os.version: &apos;10.0&apos;, java.version: &apos;11.0.15.1&apos;
Driver info: org.openqa.selenium.chrome.ChromeDriver
Command: [5451aa0c13df94dafa3e3d34e31ee31c, findElement {using=css selector, value=button[id=&apos;facebookBtn&apos;]}]
Capabilities {acceptInsecureCerts: false, browserName: chrome, browserVersion: 113.0.5672.93, chrome: {chromedriverVersion: 113.0.5672.63 (0e1a4471d5ae..., userDataDir: C:\Users\Sachin\AppData\Loc...}, goog:chromeOptions: {debuggerAddress: localhost:57169}, networkConnectionEnabled: false, pageLoadStrategy: normal, platformName: WINDOWS, proxy: Proxy(), se:cdp: ws://localhost:57169/devtoo..., se:cdpVersion: 113.0.5672.93, setWindowRect: true, strictFileInteractability: false, timeouts: {implicit: 0, pageLoad: 300000, script: 30000}, unhandledPromptBehavior: dismiss and notify, webauthn:extension:credBlob: true, webauthn:extension:largeBlob: true, webauthn:extension:minPinLength: true, webauthn:extension:prf: true, webauthn:virtualAuthenticators: true}
Session ID: 5451aa0c13df94dafa3e3d34e31ee31c
	at org.openqa.selenium.remote.codec.w3c.W3CHttpResponseCodec.createException(W3CHttpResponseCodec.java:200)
	at org.openqa.selenium.remote.codec.w3c.W3CHttpResponseCodec.decode(W3CHttpResponseCodec.java:133)
	at org.openqa.selenium.remote.codec.w3c.W3CHttpResponseCodec.decode(W3CHttpResponseCodec.java:53)
	at org.openqa.selenium.remote.HttpCommandExecutor.execute(HttpCommandExecutor.java:184)
	at org.openqa.selenium.remote.service.DriverCommandExecutor.invokeExecute(DriverCommandExecutor.java:167)
	at org.openqa.selenium.remote.service.DriverCommandExecutor.execute(DriverCommandExecutor.java:142)
	at org.openqa.selenium.remote.RemoteWebDriver.execute(RemoteWebDriver.java:547)
	at org.openqa.selenium.remote.ElementLocation$ElementFinder$2.findElement(ElementLocation.java:162)
	at org.openqa.selenium.remote.ElementLocation.findElement(ElementLocation.java:60)
	at org.openqa.selenium.remote.RemoteWebDriver.findElement(RemoteWebDriver.java:365)
	at org.openqa.selenium.remote.RemoteWebDriver.findElement(RemoteWebDriver.java:357)
	at org.openqa.selenium.support.pagefactory.DefaultElementLocator.findElement(DefaultElementLocator.java:70)
	at org.openqa.selenium.support.pagefactory.internal.LocatingElementHandler.invoke(LocatingElementHandler.java:39)
	at com.sun.proxy.$Proxy18.isDisplayed(Unknown Source)
	at org.openqa.selenium.support.ui.ExpectedConditions.elementIfVisible(ExpectedConditions.java:307)
	at org.openqa.selenium.support.ui.ExpectedConditions.access$000(ExpectedConditions.java:40)
	at org.openqa.selenium.support.ui.ExpectedConditions$10.apply(ExpectedConditions.java:293)
	at org.openqa.selenium.support.ui.ExpectedConditions$10.apply(ExpectedConditions.java:290)
	at org.openqa.selenium.support.ui.FluentWait.until(FluentWait.java:208)
	... 26 more
... Removed 21 stack frames</div></td></tr></table><p class="totop"><a href="#summary">back to summary</a></p>
<h3 id="m1">com.tripadvisor.webapp.tests.SignInPageTest#TC_TripAdvisor_SignInPage_Negative_007</h3><table class="result"><tr class="param"><th>Parameter #1</th></tr><tr class="param stripe"><td>&lt;xml-fragment r=&quot;2&quot; spans=&quot;1:2&quot; xmlns:r=&quot;http://schemas.openxmlformats.org/officeDocument/2006/relationships&quot; xmlns:main=&quot;http://schemas.openxmlformats.org/spreadsheetml/2006/main&quot;&gt;
  &lt;main:c r=&quot;A2&quot; s=&quot;1&quot; t=&quot;s&quot;&gt;
    &lt;main:v&gt;2&lt;/main:v&gt;
  &lt;/main:c&gt;
  &lt;main:c r=&quot;B2&quot; t=&quot;s&quot;&gt;
    &lt;main:v&gt;3&lt;/main:v&gt;
  &lt;/main:c&gt;
&lt;/xml-fragment&gt;</td></tr><tr><th>Messages</th></tr><tr><td><div class="messages"><a href=F:\VrushaliTestingData\FinalGitHubProjects\ExtentSparkReportDemo/screenshots/Fri_May_12_22_08_50_IST_2023_1683909530361.png>TESTRESULT</a></div></td></tr><tr><th>Exception</th></tr><tr><td><div class="stacktrace">org.openqa.selenium.TimeoutException: Expected condition failed: waiting for visibility of Proxy element for: DefaultElementLocator &apos;By.xpath: //*[@id=&apos;regErrors&apos;]/ul/li&apos; (tried for 30 second(s) with 500 milliseconds interval)
	at org.openqa.selenium.support.ui.WebDriverWait.timeoutException(WebDriverWait.java:87)
	at org.openqa.selenium.support.ui.FluentWait.until(FluentWait.java:231)
	at com.tripadvisor.webapp.base.BasePage.waitForElementToBePresent(BasePage.java:59)
	at com.tripadvisor.webapp.pages.SignInPage.getTheErrorMessageOnInvalidCredetials(SignInPage.java:102)
	at com.tripadvisor.webapp.tests.SignInPageTest.TC_TripAdvisor_SignInPage_Negative_007(SignInPageTest.java:140)
	at java.base/java.util.ArrayList.forEach(ArrayList.java:1541)
	at java.base/java.util.concurrent.FutureTask.run(FutureTask.java:264)
	at java.base/java.util.concurrent.ThreadPoolExecutor.runWorker(ThreadPoolExecutor.java:1128)
	at java.base/java.util.concurrent.ThreadPoolExecutor$Worker.run(ThreadPoolExecutor.java:628)
	at java.base/java.lang.Thread.run(Thread.java:834)
Caused by: org.openqa.selenium.NoSuchElementException: no such element: Unable to locate element: {&quot;method&quot;:&quot;xpath&quot;,&quot;selector&quot;:&quot;//*[@id=&apos;regErrors&apos;]/ul/li&quot;}
  (Session info: chrome=113.0.5672.93)
For documentation on this error, please visit: https://selenium.dev/exceptions/#no_such_element
Build info: version: &apos;4.4.0&apos;, revision: &apos;e5c75ed026a&apos;
System info: host: &apos;DESKTOP-6JUGJ4I&apos;, ip: &apos;192.168.1.52&apos;, os.name: &apos;Windows 11&apos;, os.arch: &apos;amd64&apos;, os.version: &apos;10.0&apos;, java.version: &apos;11.0.15.1&apos;
Driver info: org.openqa.selenium.chrome.ChromeDriver
Command: [75e0eae674f106a9ea2a562485f5e948, findElement {using=xpath, value=//*[@id=&apos;regErrors&apos;]/ul/li}]
Capabilities {acceptInsecureCerts: false, browserName: chrome, browserVersion: 113.0.5672.93, chrome: {chromedriverVersion: 113.0.5672.63 (0e1a4471d5ae..., userDataDir: C:\Users\Sachin\AppData\Loc...}, goog:chromeOptions: {debuggerAddress: localhost:58658}, networkConnectionEnabled: false, pageLoadStrategy: normal, platformName: WINDOWS, proxy: Proxy(), se:cdp: ws://localhost:58658/devtoo..., se:cdpVersion: 113.0.5672.93, setWindowRect: true, strictFileInteractability: false, timeouts: {implicit: 0, pageLoad: 300000, script: 30000}, unhandledPromptBehavior: dismiss and notify, webauthn:extension:credBlob: true, webauthn:extension:largeBlob: true, webauthn:extension:minPinLength: true, webauthn:extension:prf: true, webauthn:virtualAuthenticators: true}
Session ID: 75e0eae674f106a9ea2a562485f5e948
	at org.openqa.selenium.remote.codec.w3c.W3CHttpResponseCodec.createException(W3CHttpResponseCodec.java:200)
	at org.openqa.selenium.remote.codec.w3c.W3CHttpResponseCodec.decode(W3CHttpResponseCodec.java:133)
	at org.openqa.selenium.remote.codec.w3c.W3CHttpResponseCodec.decode(W3CHttpResponseCodec.java:53)
	at org.openqa.selenium.remote.HttpCommandExecutor.execute(HttpCommandExecutor.java:184)
	at org.openqa.selenium.remote.service.DriverCommandExecutor.invokeExecute(DriverCommandExecutor.java:167)
	at org.openqa.selenium.remote.service.DriverCommandExecutor.execute(DriverCommandExecutor.java:142)
	at org.openqa.selenium.remote.RemoteWebDriver.execute(RemoteWebDriver.java:547)
	at org.openqa.selenium.remote.ElementLocation$ElementFinder$2.findElement(ElementLocation.java:162)
	at org.openqa.selenium.remote.ElementLocation.findElement(ElementLocation.java:60)
	at org.openqa.selenium.remote.RemoteWebDriver.findElement(RemoteWebDriver.java:365)
	at org.openqa.selenium.remote.RemoteWebDriver.findElement(RemoteWebDriver.java:357)
	at org.openqa.selenium.support.pagefactory.DefaultElementLocator.findElement(DefaultElementLocator.java:70)
	at org.openqa.selenium.support.pagefactory.internal.LocatingElementHandler.invoke(LocatingElementHandler.java:39)
	at com.sun.proxy.$Proxy18.isDisplayed(Unknown Source)
	at org.openqa.selenium.support.ui.ExpectedConditions.elementIfVisible(ExpectedConditions.java:307)
	at org.openqa.selenium.support.ui.ExpectedConditions.access$000(ExpectedConditions.java:40)
	at org.openqa.selenium.support.ui.ExpectedConditions$10.apply(ExpectedConditions.java:293)
	at org.openqa.selenium.support.ui.ExpectedConditions$10.apply(ExpectedConditions.java:290)
	at org.openqa.selenium.support.ui.FluentWait.until(FluentWait.java:208)
	... 26 more
... Removed 21 stack frames</div></td></tr></table><p class="totop"><a href="#summary">back to summary</a></p>
<h3 id="m2">com.tripadvisor.webapp.tests.SignInPageTest#TC_TripAdvisor_SignInPage_Negative_009</h3><table class="result"><tr><th>Messages</th></tr><tr><td><div class="messages"><a href=F:\VrushaliTestingData\FinalGitHubProjects\ExtentSparkReportDemo/screenshots/Fri_May_12_22_09_23_IST_2023_1683909564271.png>TESTRESULT</a></div></td></tr><tr><th>Exception</th></tr><tr><td><div class="stacktrace">java.lang.AssertionError: Some error in login page expected [Your password should be at least 6 characters long.] but found [Your password must be at least 10 characters. Please try again.]
	at com.tripadvisor.webapp.tests.SignInPageTest.TC_TripAdvisor_SignInPage_Negative_009(SignInPageTest.java:178)
	at java.base/java.util.ArrayList.forEach(ArrayList.java:1541)
	at java.base/java.util.concurrent.FutureTask.run(FutureTask.java:264)
	at java.base/java.util.concurrent.ThreadPoolExecutor.runWorker(ThreadPoolExecutor.java:1128)
	at java.base/java.util.concurrent.ThreadPoolExecutor$Worker.run(ThreadPoolExecutor.java:628)
	at java.base/java.lang.Thread.run(Thread.java:834)
... Removed 23 stack frames</div></td></tr></table><p class="totop"><a href="#summary">back to summary</a></p>
<h3 id="m3">com.tripadvisor.webapp.tests.HomePageTest#TC_TripAdvisor_HomePage_001</h3><table class="result"><tr><th class="invisible"/></tr></table><p class="totop"><a href="#summary">back to summary</a></p>
<h3 id="m4">com.tripadvisor.webapp.tests.HomePageTest#TC_TripAdvisor_HomePage_002</h3><table class="result"><tr><th class="invisible"/></tr></table><p class="totop"><a href="#summary">back to summary</a></p>
<h3 id="m5">com.tripadvisor.webapp.tests.HomePageTest#TC_TripAdvisor_HomePage_003</h3><table class="result"><tr><th class="invisible"/></tr></table><p class="totop"><a href="#summary">back to summary</a></p>
<h3 id="m6">com.tripadvisor.webapp.tests.SignInPageTest#TC_TripAdvisor_SignInPage_001</h3><table class="result"><tr><th class="invisible"/></tr></table><p class="totop"><a href="#summary">back to summary</a></p>
<h3 id="m7">com.tripadvisor.webapp.tests.SignInPageTest#TC_TripAdvisor_SignInPage_002</h3><table class="result"><tr><th class="invisible"/></tr></table><p class="totop"><a href="#summary">back to summary</a></p>
<h3 id="m8">com.tripadvisor.webapp.tests.SignInPageTest#TC_TripAdvisor_SignInPage_004</h3><table class="result"><tr><th class="invisible"/></tr></table><p class="totop"><a href="#summary">back to summary</a></p>
<h3 id="m9">com.tripadvisor.webapp.tests.SignInPageTest#TC_TripAdvisor_SignInPage_005</h3><table class="result"><tr><th class="invisible"/></tr></table><p class="totop"><a href="#summary">back to summary</a></p>
<h3 id="m10">com.tripadvisor.webapp.tests.SignInPageTest#TC_TripAdvisor_SignInPage_006</h3><table class="result"><tr><th class="invisible"/></tr></table><p class="totop"><a href="#summary">back to summary</a></p>
<h3 id="m11">com.tripadvisor.webapp.tests.SignInPageTest#TC_TripAdvisor_SignInPage_Negative_007</h3><table class="result"><tr class="param"><th>Parameter #1</th></tr><tr class="param stripe"><td>&lt;xml-fragment r=&quot;1&quot; spans=&quot;1:2&quot; xmlns:r=&quot;http://schemas.openxmlformats.org/officeDocument/2006/relationships&quot; xmlns:main=&quot;http://schemas.openxmlformats.org/spreadsheetml/2006/main&quot;&gt;
  &lt;main:c r=&quot;A1&quot; t=&quot;s&quot;&gt;
    &lt;main:v&gt;0&lt;/main:v&gt;
  &lt;/main:c&gt;
  &lt;main:c r=&quot;B1&quot; t=&quot;s&quot;&gt;
    &lt;main:v&gt;1&lt;/main:v&gt;
  &lt;/main:c&gt;
&lt;/xml-fragment&gt;</td></tr></table><p class="totop"><a href="#summary">back to summary</a></p>
<h3 id="m12">com.tripadvisor.webapp.tests.SignInPageTest#TC_TripAdvisor_SignInPage_Negative_008</h3><table class="result"><tr><th class="invisible"/></tr></table><p class="totop"><a href="#summary">back to summary</a></p>
<h2>Test edge</h2><h3 id="m13">com.tripadvisor.webapp.tests.SignInPageTest#TC_TripAdvisor_SignInPage_003</h3><table class="result"><tr><th>Messages</th></tr><tr><td><div class="messages"><a href=F:\VrushaliTestingData\FinalGitHubProjects\ExtentSparkReportDemo/screenshots/Fri_May_12_22_07_12_IST_2023_1683909432662.png>TESTRESULT</a></div></td></tr><tr><th>Exception</th></tr><tr><td><div class="stacktrace">org.openqa.selenium.TimeoutException: Expected condition failed: waiting for visibility of Proxy element for: DefaultElementLocator &apos;By.cssSelector: button[id=&apos;facebookBtn&apos;]&apos; (tried for 30 second(s) with 500 milliseconds interval)
	at org.openqa.selenium.support.ui.WebDriverWait.timeoutException(WebDriverWait.java:87)
	at org.openqa.selenium.support.ui.FluentWait.until(FluentWait.java:231)
	at com.tripadvisor.webapp.base.BasePage.waitForElementToBePresent(BasePage.java:59)
	at com.tripadvisor.webapp.pages.SignInPage.textOnContinueWithFacebook(SignInPage.java:69)
	at com.tripadvisor.webapp.tests.SignInPageTest.TC_TripAdvisor_SignInPage_003(SignInPageTest.java:71)
	at java.base/java.util.ArrayList.forEach(ArrayList.java:1541)
	at java.base/java.util.concurrent.FutureTask.run(FutureTask.java:264)
	at java.base/java.util.concurrent.ThreadPoolExecutor.runWorker(ThreadPoolExecutor.java:1128)
	at java.base/java.util.concurrent.ThreadPoolExecutor$Worker.run(ThreadPoolExecutor.java:628)
	at java.base/java.lang.Thread.run(Thread.java:834)
Caused by: org.openqa.selenium.NoSuchElementException: no such element: Unable to locate element: {&quot;method&quot;:&quot;css selector&quot;,&quot;selector&quot;:&quot;button[id=&apos;facebookBtn&apos;]&quot;}
  (Session info: MicrosoftEdge=113.0.1774.35)
For documentation on this error, please visit: https://selenium.dev/exceptions/#no_such_element
Build info: version: &apos;4.4.0&apos;, revision: &apos;e5c75ed026a&apos;
System info: host: &apos;DESKTOP-6JUGJ4I&apos;, ip: &apos;192.168.1.52&apos;, os.name: &apos;Windows 11&apos;, os.arch: &apos;amd64&apos;, os.version: &apos;10.0&apos;, java.version: &apos;11.0.15.1&apos;
Driver info: org.openqa.selenium.edge.EdgeDriver
Command: [568add9f184108143d552b39558d8fd9, findElement {using=css selector, value=button[id=&apos;facebookBtn&apos;]}]
Capabilities {acceptInsecureCerts: false, browserName: msedge, browserVersion: 113.0.1774.35, ms:edgeOptions: {debuggerAddress: localhost:57198}, msedge: {msedgedriverVersion: 113.0.1774.35 (7069649d6056..., userDataDir: C:\Users\Sachin\AppData\Loc...}, networkConnectionEnabled: false, pageLoadStrategy: normal, platformName: WINDOWS, proxy: Proxy(), se:cdp: ws://localhost:57198/devtoo..., se:cdpVersion: 113.0.1774.35, setWindowRect: true, strictFileInteractability: false, timeouts: {implicit: 0, pageLoad: 300000, script: 30000}, unhandledPromptBehavior: dismiss and notify, webauthn:extension:credBlob: true, webauthn:extension:largeBlob: true, webauthn:extension:minPinLength: true, webauthn:extension:prf: true, webauthn:virtualAuthenticators: true}
Session ID: 568add9f184108143d552b39558d8fd9
	at org.openqa.selenium.remote.codec.w3c.W3CHttpResponseCodec.createException(W3CHttpResponseCodec.java:200)
	at org.openqa.selenium.remote.codec.w3c.W3CHttpResponseCodec.decode(W3CHttpResponseCodec.java:133)
	at org.openqa.selenium.remote.codec.w3c.W3CHttpResponseCodec.decode(W3CHttpResponseCodec.java:53)
	at org.openqa.selenium.remote.HttpCommandExecutor.execute(HttpCommandExecutor.java:184)
	at org.openqa.selenium.remote.service.DriverCommandExecutor.invokeExecute(DriverCommandExecutor.java:167)
	at org.openqa.selenium.remote.service.DriverCommandExecutor.execute(DriverCommandExecutor.java:142)
	at org.openqa.selenium.remote.RemoteWebDriver.execute(RemoteWebDriver.java:547)
	at org.openqa.selenium.remote.ElementLocation$ElementFinder$2.findElement(ElementLocation.java:162)
	at org.openqa.selenium.remote.ElementLocation.findElement(ElementLocation.java:60)
	at org.openqa.selenium.remote.RemoteWebDriver.findElement(RemoteWebDriver.java:365)
	at org.openqa.selenium.remote.RemoteWebDriver.findElement(RemoteWebDriver.java:357)
	at org.openqa.selenium.support.pagefactory.DefaultElementLocator.findElement(DefaultElementLocator.java:70)
	at org.openqa.selenium.support.pagefactory.internal.LocatingElementHandler.invoke(LocatingElementHandler.java:39)
	at com.sun.proxy.$Proxy18.isDisplayed(Unknown Source)
	at org.openqa.selenium.support.ui.ExpectedConditions.elementIfVisible(ExpectedConditions.java:307)
	at org.openqa.selenium.support.ui.ExpectedConditions.access$000(ExpectedConditions.java:40)
	at org.openqa.selenium.support.ui.ExpectedConditions$10.apply(ExpectedConditions.java:293)
	at org.openqa.selenium.support.ui.ExpectedConditions$10.apply(ExpectedConditions.java:290)
	at org.openqa.selenium.support.ui.FluentWait.until(FluentWait.java:208)
	... 26 more
... Removed 21 stack frames</div></td></tr></table><p class="totop"><a href="#summary">back to summary</a></p>
<h3 id="m14">com.tripadvisor.webapp.tests.SignInPageTest#TC_TripAdvisor_SignInPage_Negative_007</h3><table class="result"><tr class="param"><th>Parameter #1</th></tr><tr class="param stripe"><td>&lt;xml-fragment r=&quot;2&quot; spans=&quot;1:2&quot; xmlns:r=&quot;http://schemas.openxmlformats.org/officeDocument/2006/relationships&quot; xmlns:main=&quot;http://schemas.openxmlformats.org/spreadsheetml/2006/main&quot;&gt;
  &lt;main:c r=&quot;A2&quot; s=&quot;1&quot; t=&quot;s&quot;&gt;
    &lt;main:v&gt;2&lt;/main:v&gt;
  &lt;/main:c&gt;
  &lt;main:c r=&quot;B2&quot; t=&quot;s&quot;&gt;
    &lt;main:v&gt;3&lt;/main:v&gt;
  &lt;/main:c&gt;
&lt;/xml-fragment&gt;</td></tr><tr><th>Messages</th></tr><tr><td><div class="messages"><a href=F:\VrushaliTestingData\FinalGitHubProjects\ExtentSparkReportDemo/screenshots/Fri_May_12_22_08_53_IST_2023_1683909533999.png>TESTRESULT</a></div></td></tr><tr><th>Exception</th></tr><tr><td><div class="stacktrace">org.openqa.selenium.TimeoutException: Expected condition failed: waiting for visibility of Proxy element for: DefaultElementLocator &apos;By.xpath: //*[@id=&apos;regErrors&apos;]/ul/li&apos; (tried for 30 second(s) with 500 milliseconds interval)
	at org.openqa.selenium.support.ui.WebDriverWait.timeoutException(WebDriverWait.java:87)
	at org.openqa.selenium.support.ui.FluentWait.until(FluentWait.java:231)
	at com.tripadvisor.webapp.base.BasePage.waitForElementToBePresent(BasePage.java:59)
	at com.tripadvisor.webapp.pages.SignInPage.getTheErrorMessageOnInvalidCredetials(SignInPage.java:102)
	at com.tripadvisor.webapp.tests.SignInPageTest.TC_TripAdvisor_SignInPage_Negative_007(SignInPageTest.java:140)
	at java.base/java.util.ArrayList.forEach(ArrayList.java:1541)
	at java.base/java.util.concurrent.FutureTask.run(FutureTask.java:264)
	at java.base/java.util.concurrent.ThreadPoolExecutor.runWorker(ThreadPoolExecutor.java:1128)
	at java.base/java.util.concurrent.ThreadPoolExecutor$Worker.run(ThreadPoolExecutor.java:628)
	at java.base/java.lang.Thread.run(Thread.java:834)
Caused by: org.openqa.selenium.NoSuchElementException: no such element: Unable to locate element: {&quot;method&quot;:&quot;xpath&quot;,&quot;selector&quot;:&quot;//*[@id=&apos;regErrors&apos;]/ul/li&quot;}
  (Session info: MicrosoftEdge=113.0.1774.35)
For documentation on this error, please visit: https://selenium.dev/exceptions/#no_such_element
Build info: version: &apos;4.4.0&apos;, revision: &apos;e5c75ed026a&apos;
System info: host: &apos;DESKTOP-6JUGJ4I&apos;, ip: &apos;192.168.1.52&apos;, os.name: &apos;Windows 11&apos;, os.arch: &apos;amd64&apos;, os.version: &apos;10.0&apos;, java.version: &apos;11.0.15.1&apos;
Driver info: org.openqa.selenium.edge.EdgeDriver
Command: [aa7767889927af1d05c30dcda8e1333f, findElement {using=xpath, value=//*[@id=&apos;regErrors&apos;]/ul/li}]
Capabilities {acceptInsecureCerts: false, browserName: msedge, browserVersion: 113.0.1774.35, ms:edgeOptions: {debuggerAddress: localhost:58650}, msedge: {msedgedriverVersion: 113.0.1774.35 (7069649d6056..., userDataDir: C:\Users\Sachin\AppData\Loc...}, networkConnectionEnabled: false, pageLoadStrategy: normal, platformName: WINDOWS, proxy: Proxy(), se:cdp: ws://localhost:58650/devtoo..., se:cdpVersion: 113.0.1774.35, setWindowRect: true, strictFileInteractability: false, timeouts: {implicit: 0, pageLoad: 300000, script: 30000}, unhandledPromptBehavior: dismiss and notify, webauthn:extension:credBlob: true, webauthn:extension:largeBlob: true, webauthn:extension:minPinLength: true, webauthn:extension:prf: true, webauthn:virtualAuthenticators: true}
Session ID: aa7767889927af1d05c30dcda8e1333f
	at org.openqa.selenium.remote.codec.w3c.W3CHttpResponseCodec.createException(W3CHttpResponseCodec.java:200)
	at org.openqa.selenium.remote.codec.w3c.W3CHttpResponseCodec.decode(W3CHttpResponseCodec.java:133)
	at org.openqa.selenium.remote.codec.w3c.W3CHttpResponseCodec.decode(W3CHttpResponseCodec.java:53)
	at org.openqa.selenium.remote.HttpCommandExecutor.execute(HttpCommandExecutor.java:184)
	at org.openqa.selenium.remote.service.DriverCommandExecutor.invokeExecute(DriverCommandExecutor.java:167)
	at org.openqa.selenium.remote.service.DriverCommandExecutor.execute(DriverCommandExecutor.java:142)
	at org.openqa.selenium.remote.RemoteWebDriver.execute(RemoteWebDriver.java:547)
	at org.openqa.selenium.remote.ElementLocation$ElementFinder$2.findElement(ElementLocation.java:162)
	at org.openqa.selenium.remote.ElementLocation.findElement(ElementLocation.java:60)
	at org.openqa.selenium.remote.RemoteWebDriver.findElement(RemoteWebDriver.java:365)
	at org.openqa.selenium.remote.RemoteWebDriver.findElement(RemoteWebDriver.java:357)
	at org.openqa.selenium.support.pagefactory.DefaultElementLocator.findElement(DefaultElementLocator.java:70)
	at org.openqa.selenium.support.pagefactory.internal.LocatingElementHandler.invoke(LocatingElementHandler.java:39)
	at com.sun.proxy.$Proxy18.isDisplayed(Unknown Source)
	at org.openqa.selenium.support.ui.ExpectedConditions.elementIfVisible(ExpectedConditions.java:307)
	at org.openqa.selenium.support.ui.ExpectedConditions.access$000(ExpectedConditions.java:40)
	at org.openqa.selenium.support.ui.ExpectedConditions$10.apply(ExpectedConditions.java:293)
	at org.openqa.selenium.support.ui.ExpectedConditions$10.apply(ExpectedConditions.java:290)
	at org.openqa.selenium.support.ui.FluentWait.until(FluentWait.java:208)
	... 26 more
... Removed 21 stack frames</div></td></tr></table><p class="totop"><a href="#summary">back to summary</a></p>
<h3 id="m15">com.tripadvisor.webapp.tests.SignInPageTest#TC_TripAdvisor_SignInPage_Negative_009</h3><table class="result"><tr><th>Messages</th></tr><tr><td><div class="messages"><a href=F:\VrushaliTestingData\FinalGitHubProjects\ExtentSparkReportDemo/screenshots/Fri_May_12_22_09_25_IST_2023_1683909565832.png>TESTRESULT</a></div></td></tr><tr><th>Exception</th></tr><tr><td><div class="stacktrace">java.lang.AssertionError: Some error in login page expected [Your password should be at least 6 characters long.] but found [Your password must be at least 10 characters. Please try again.]
	at com.tripadvisor.webapp.tests.SignInPageTest.TC_TripAdvisor_SignInPage_Negative_009(SignInPageTest.java:178)
	at java.base/java.util.ArrayList.forEach(ArrayList.java:1541)
	at java.base/java.util.concurrent.FutureTask.run(FutureTask.java:264)
	at java.base/java.util.concurrent.ThreadPoolExecutor.runWorker(ThreadPoolExecutor.java:1128)
	at java.base/java.util.concurrent.ThreadPoolExecutor$Worker.run(ThreadPoolExecutor.java:628)
	at java.base/java.lang.Thread.run(Thread.java:834)
... Removed 23 stack frames</div></td></tr></table><p class="totop"><a href="#summary">back to summary</a></p>
<h3 id="m16">com.tripadvisor.webapp.tests.HomePageTest#TC_TripAdvisor_HomePage_001</h3><table class="result"><tr><th class="invisible"/></tr></table><p class="totop"><a href="#summary">back to summary</a></p>
<h3 id="m17">com.tripadvisor.webapp.tests.HomePageTest#TC_TripAdvisor_HomePage_002</h3><table class="result"><tr><th class="invisible"/></tr></table><p class="totop"><a href="#summary">back to summary</a></p>
<h3 id="m18">com.tripadvisor.webapp.tests.HomePageTest#TC_TripAdvisor_HomePage_003</h3><table class="result"><tr><th class="invisible"/></tr></table><p class="totop"><a href="#summary">back to summary</a></p>
<h3 id="m19">com.tripadvisor.webapp.tests.SignInPageTest#TC_TripAdvisor_SignInPage_001</h3><table class="result"><tr><th class="invisible"/></tr></table><p class="totop"><a href="#summary">back to summary</a></p>
<h3 id="m20">com.tripadvisor.webapp.tests.SignInPageTest#TC_TripAdvisor_SignInPage_002</h3><table class="result"><tr><th class="invisible"/></tr></table><p class="totop"><a href="#summary">back to summary</a></p>
<h3 id="m21">com.tripadvisor.webapp.tests.SignInPageTest#TC_TripAdvisor_SignInPage_004</h3><table class="result"><tr><th class="invisible"/></tr></table><p class="totop"><a href="#summary">back to summary</a></p>
<h3 id="m22">com.tripadvisor.webapp.tests.SignInPageTest#TC_TripAdvisor_SignInPage_005</h3><table class="result"><tr><th class="invisible"/></tr></table><p class="totop"><a href="#summary">back to summary</a></p>
<h3 id="m23">com.tripadvisor.webapp.tests.SignInPageTest#TC_TripAdvisor_SignInPage_006</h3><table class="result"><tr><th class="invisible"/></tr></table><p class="totop"><a href="#summary">back to summary</a></p>
<h3 id="m24">com.tripadvisor.webapp.tests.SignInPageTest#TC_TripAdvisor_SignInPage_Negative_007</h3><table class="result"><tr class="param"><th>Parameter #1</th></tr><tr class="param stripe"><td>&lt;xml-fragment r=&quot;1&quot; spans=&quot;1:2&quot; xmlns:r=&quot;http://schemas.openxmlformats.org/officeDocument/2006/relationships&quot; xmlns:main=&quot;http://schemas.openxmlformats.org/spreadsheetml/2006/main&quot;&gt;
  &lt;main:c r=&quot;A1&quot; t=&quot;s&quot;&gt;
    &lt;main:v&gt;0&lt;/main:v&gt;
  &lt;/main:c&gt;
  &lt;main:c r=&quot;B1&quot; t=&quot;s&quot;&gt;
    &lt;main:v&gt;1&lt;/main:v&gt;
  &lt;/main:c&gt;
&lt;/xml-fragment&gt;</td></tr></table><p class="totop"><a href="#summary">back to summary</a></p>
<h3 id="m25">com.tripadvisor.webapp.tests.SignInPageTest#TC_TripAdvisor_SignInPage_Negative_008</h3><table class="result"><tr><th class="invisible"/></tr></table><p class="totop"><a href="#summary">back to summary</a></p>
</body>
</html>
